Ethan/Library/Bee/Android/Prj/Mono2x/Gradle/unityLibrary/build/intermediates/manifest_merge_blame_file/release/manifest-merger-blame-release-report.txt
1<?xml version="1.0" encoding="utf-8"?>
2<manifest xmlns:android="http://schemas.android.com/apk/res/android"
3    xmlns:tools="http://schemas.android.com/tools"
4    package="com.unity3d.player"
5    android:versionCode="1"
6    android:versionName="0.1" >
7
8    <uses-sdk
9        android:minSdkVersion="26"
9-->src/main/AndroidManifest.xml
10        android:targetSdkVersion="30" />
10-->src/main/AndroidManifest.xml
11
12    <uses-feature android:glEsVersion="0x00020000" />
12-->src/main/AndroidManifest.xml:19:3-52
12-->src/main/AndroidManifest.xml:19:17-49
13
14    <uses-permission android:name="android.permission.INTERNET" />
14-->src/main/AndroidManifest.xml:20:3-65
14-->src/main/AndroidManifest.xml:20:20-62
15
16    <uses-feature
16-->src/main/AndroidManifest.xml:21:3-88
17        android:name="android.hardware.touchscreen"
17-->src/main/AndroidManifest.xml:21:17-60
18        android:required="false" />
18-->src/main/AndroidManifest.xml:21:61-85
19    <uses-feature
19-->src/main/AndroidManifest.xml:22:3-99
20        android:name="android.hardware.touchscreen.multitouch"
20-->src/main/AndroidManifest.xml:22:17-71
21        android:required="false" />
21-->src/main/AndroidManifest.xml:22:72-96
22    <uses-feature
22-->src/main/AndroidManifest.xml:23:3-108
23        android:name="android.hardware.touchscreen.multitouch.distinct"
23-->src/main/AndroidManifest.xml:23:17-80
24        android:required="false" />
24-->src/main/AndroidManifest.xml:23:81-105
25
26    <uses-permission android:name="android.permission.CAMERA" />
26-->src/main/AndroidManifest.xml:24:3-63
26-->src/main/AndroidManifest.xml:24:20-60
27
28    <uses-feature
28-->src/main/AndroidManifest.xml:25:3-85
29        android:name="android.hardware.camera.ar"
29-->src/main/AndroidManifest.xml:25:17-58
30        android:required="true" />
30-->src/main/AndroidManifest.xml:25:59-82
31    <uses-feature
31-->src/main/AndroidManifest.xml:26:3-83
32        android:name="com.google.ar.core.depth"
32-->src/main/AndroidManifest.xml:26:17-56
33        android:required="true" />
33-->src/main/AndroidManifest.xml:26:57-80
34
35    <application
35-->src/main/AndroidManifest.xml:3:3-18:17
36        android:extractNativeLibs="true"
36-->src/main/AndroidManifest.xml:3:16-48
37        android:isGame="true" >
37-->src/main/AndroidManifest.xml:3:49-70
38        <activity
38-->src/main/AndroidManifest.xml:4:5-11:16
39            android:name="com.unity3d.player.UnityPlayerActivity"
39-->src/main/AndroidManifest.xml:4:15-68
40            android:configChanges="mcc|mnc|locale|touchscreen|keyboard|keyboardHidden|navigation|orientation|screenLayout|uiMode|screenSize|smallestScreenSize|fontScale|layoutDirection|density"
40-->src/main/AndroidManifest.xml:4:182-363
41            android:hardwareAccelerated="false"
41-->src/main/AndroidManifest.xml:4:399-434
42            android:launchMode="singleTask"
42-->src/main/AndroidManifest.xml:4:150-181
43            android:resizeableActivity="false"
43-->src/main/AndroidManifest.xml:4:364-398
44            android:screenOrientation="fullSensor"
44-->src/main/AndroidManifest.xml:4:111-149
45            android:theme="@style/UnityThemeSelector" >
45-->src/main/AndroidManifest.xml:4:69-110
46            <intent-filter>
46-->src/main/AndroidManifest.xml:5:7-9:23
47                <action android:name="android.intent.action.MAIN" />
47-->src/main/AndroidManifest.xml:6:9-61
47-->src/main/AndroidManifest.xml:6:17-58
48
49                <category android:name="android.intent.category.LAUNCHER" />
49-->src/main/AndroidManifest.xml:7:9-69
49-->src/main/AndroidManifest.xml:7:19-66
50                <category android:name="android.intent.category.LEANBACK_LAUNCHER" />
50-->src/main/AndroidManifest.xml:8:9-78
50-->src/main/AndroidManifest.xml:8:19-75
51            </intent-filter>
52
53            <meta-data
53-->src/main/AndroidManifest.xml:10:7-82
54                android:name="unityplayer.UnityActivity"
54-->src/main/AndroidManifest.xml:10:18-58
55                android:value="true" />
55-->src/main/AndroidManifest.xml:10:59-79
56        </activity>
57
58        <meta-data
58-->src/main/AndroidManifest.xml:12:5-69
59            android:name="unity.splash-mode"
59-->src/main/AndroidManifest.xml:12:16-48
60            android:value="0" />
60-->src/main/AndroidManifest.xml:12:49-66
61        <meta-data
61-->src/main/AndroidManifest.xml:13:5-74
62            android:name="unity.splash-enable"
62-->src/main/AndroidManifest.xml:13:16-50
63            android:value="True" />
63-->src/main/AndroidManifest.xml:13:51-71
64        <meta-data
64-->src/main/AndroidManifest.xml:14:5-78
65            android:name="unity.launch-fullscreen"
65-->src/main/AndroidManifest.xml:14:16-54
66            android:value="True" />
66-->src/main/AndroidManifest.xml:14:55-75
67        <meta-data
67-->src/main/AndroidManifest.xml:15:5-84
68            android:name="unity.allow-resizable-window"
68-->src/main/AndroidManifest.xml:15:16-59
69            android:value="False" />
69-->src/main/AndroidManifest.xml:15:60-81
70        <meta-data
70-->src/main/AndroidManifest.xml:16:5-88
71            android:name="unityplayer.SkipPermissionsDialog"
71-->src/main/AndroidManifest.xml:16:16-64
72            android:value="true" />
72-->src/main/AndroidManifest.xml:16:65-85
73        <meta-data
73-->src/main/AndroidManifest.xml:17:5-77
74            android:name="com.google.ar.core"
74-->src/main/AndroidManifest.xml:17:16-49
75            android:value="required" />
75-->src/main/AndroidManifest.xml:17:50-74
76    </application>
77
78</manifest>